<?xml version="1.0" encoding="UTF-8"?>
<!-- Generated by org.testng.reporters.JUnitReportReporter -->
<testsuite hostname="Bharani" failures="0" tests="1" name="oc.Testcases.TC001_Accountcreationtest" time="2.899" errors="0" timestamp="2025-01-29T13:49:21 MYT" skipped="0">
  <testcase classname="oc.Testcases.TC001_Accountcreationtest" name="TC001_validateaccountcreationtest" time="2.899"/>
  <system-out/>
</testsuite> <!-- oc.Testcases.TC001_Accountcreationtest -->
