<?xml version="1.0" encoding="UTF-8"?>
<!-- Generated by org.testng.reporters.JUnitReportReporter -->
<testsuite hostname="Bharani" failures="0" tests="1" name="oc.Testcases.TC004_Editaccountinfo" time="4.134" errors="0" timestamp="2025-02-01T15:04:44 MYT" skipped="0">
  <testcase classname="oc.Testcases.TC004_Editaccountinfo" name="TC004_editaccountinfo_telephone" time="4.134"/>
  <system-out/>
</testsuite> <!-- oc.Testcases.TC004_Editaccountinfo -->
