<?xml version="1.0" encoding="UTF-8"?>
<!-- Generated by org.testng.reporters.JUnitReportReporter -->
<testsuite hostname="Bharani" failures="0" tests="1" name="oc.Testcases.TC002_Logintest" time="2.004" errors="0" timestamp="2025-01-29T13:49:21 MYT" skipped="0">
  <testcase classname="oc.Testcases.TC002_Logintest" name="TC002_logintest" time="2.004"/>
  <system-out/>
</testsuite> <!-- oc.Testcases.TC002_Logintest -->
