<?xml version="1.0" encoding="UTF-8"?>
<!-- Generated by org.testng.reporters.JUnitReportReporter -->
<testsuite hostname="Bharani" failures="0" tests="1" name="oc.Testcases.TC006_Excelvalidation" time="1118.096" errors="0" timestamp="2025-02-15T20:37:04 MYT" skipped="0">
  <testcase classname="oc.Testcases.TC006_Excelvalidation" name="ExceltoExcelcomparison" time="1118.096"/>
  <system-out/>
</testsuite> <!-- oc.Testcases.TC006_Excelvalidation -->
