<?xml version="1.0" encoding="UTF-8"?>
<!-- Generated by org.testng.reporters.JUnitReportReporter -->
<testsuite hostname="Bharani" failures="0" tests="1" name="oc.Testcases.TC005_Validateorderhistory" time="3.004" errors="0" timestamp="2025-02-01T15:04:44 MYT" skipped="0">
  <testcase classname="oc.Testcases.TC005_Validateorderhistory" name="TC005Validateorderhistory" time="3.004"/>
  <system-out/>
</testsuite> <!-- oc.Testcases.TC005_Validateorderhistory -->
